[2024-05-17 22:52:37.393] INFO: 	Create Question button is present
[2024-05-17 22:52:37.413] INFO: 	Create Question button is present
[2024-05-17 22:52:37.551] INFO: 	Create Question button is present
[2024-05-17 22:52:37.588] INFO: 	Create Question button is present
[2024-05-17 22:52:37.689] INFO: 	Create Question button is present
[2024-05-17 22:52:37.711] INFO: 	Create Question button is present
[2024-05-17 22:52:37.726] INFO: 	Create Question button is present
[2024-05-17 22:52:37.801] INFO: 	Create Question button is present
[2024-05-17 22:52:37.875] INFO: 	Create Question button is present
[2024-05-17 22:52:37.910] INFO: 	Create Question button is present
[2024-05-17 22:52:37.932] INFO: 	Create Question button is present
[2024-05-17 22:52:38.005] INFO: 	Create Question button is present
[2024-05-17 22:52:38.017] INFO: 	Create Question button is present
[2024-05-17 22:52:38.025] INFO: 	Question and Answers removed successfully
[2024-05-17 22:52:38.105] INFO: 	Create Question button is present
[2024-05-17 22:52:38.118] INFO: 	Create Question button is present
[2024-05-17 22:52:38.238] INFO: 	Create Question button is present
[2024-05-17 22:52:38.238] INFO: 	Question and Answers submitted successfully
[2024-05-17 22:52:38.301] INFO: 	Question and Answers are sorted successfully
[2024-05-17 22:52:38.389] INFO: 	Create Question button is present
[2024-05-17 22:52:38.452] INFO: 	Content of the page are validated
[2024-05-17 22:52:38.550] INFO: 	Create Question button is present
[2024-05-17 22:52:38.674] INFO: 	Question and Answers submitted successfully
[2024-05-17 22:52:38.808] INFO: 	Tooltip of the headings validated successfully
[2024-05-17 22:52:40.349] INFO: 	Tooltip of the headings validated successfully
[2024-05-17 22:52:40.371] INFO: 	Create Question button is present
[2024-05-17 22:52:40.434] INFO: 	Create Question button is present
[2024-05-17 22:52:40.517] INFO: 	Create Question button is present
[2024-05-17 22:52:40.589] INFO: 	Create Question button is present
[2024-05-17 22:52:40.658] INFO: 	Create Question button is present
[2024-05-17 22:52:40.700] INFO: 	Create Question button is present
[2024-05-17 22:52:40.800] INFO: 	Create Question button is present
[2024-05-17 22:52:40.832] INFO: 	Create Question button is present
[2024-05-17 22:52:40.951] INFO: 	Create Question button is present
[2024-05-17 22:52:40.957] INFO: 	Create Question button is present
[2024-05-17 22:52:41.098] INFO: 	Question and Answers removed successfully
[2024-05-17 22:52:41.196] INFO: 	Question and Answers are sorted successfully
[2024-05-17 22:52:42.371] INFO: 	Content of the page are validated
[2024-05-17 22:52:43.812] INFO: 	Create Question button is present
[2024-05-17 22:52:44.094] INFO: 	Create Question button is present
[2024-05-17 22:52:44.152] INFO: 	Create Question button is present
[2024-05-17 22:52:44.305] INFO: 	Create Question button is present
[2024-05-17 22:52:44.426] INFO: 	Create Question button is present
[2024-05-17 22:52:44.450] INFO: 	Create Question button is present
[2024-05-17 22:52:44.587] INFO: 	Create Question button is present
[2024-05-17 22:52:44.706] INFO: 	Create Question button is present
[2024-05-17 22:52:44.765] INFO: 	Create Question button is present
[2024-05-17 22:52:44.923] INFO: 	Question and Answers removed successfully
[2024-05-17 22:52:44.918] INFO: 	Question and Answers submitted successfully
[2024-05-17 22:52:45.838] INFO: 	Create Question button is present
[2024-05-17 22:52:46.024] INFO: 	Create Question button is present
[2024-05-17 22:52:46.195] INFO: 	Create Question button is present
[2024-05-17 22:52:46.345] INFO: 	Create Question button is present
[2024-05-17 22:52:46.462] INFO: 	Create Question button is present
[2024-05-17 22:52:46.734] INFO: 	Question and Answers are sorted successfully
[2024-05-17 22:52:47.465] INFO: 	Content of the page are validated
[2024-05-17 22:52:47.919] INFO: 	Tooltip of the headings validated successfully
